mode: set
expense-tracker-api/internal/handler/expense.go:19.67,21.2 1 0
expense-tracker-api/internal/handler/expense.go:23.46,25.9 2 0
expense-tracker-api/internal/handler/expense.go:25.9,27.3 1 0
expense-tracker-api/internal/handler/expense.go:28.2,29.17 2 0
expense-tracker-api/internal/handler/expense.go:29.17,31.3 1 0
expense-tracker-api/internal/handler/expense.go:33.2,33.21 1 0
expense-tracker-api/internal/handler/expense.go:44.49,46.47 2 0
expense-tracker-api/internal/handler/expense.go:46.47,49.3 2 0
expense-tracker-api/internal/handler/expense.go:51.2,52.9 2 0
expense-tracker-api/internal/handler/expense.go:52.9,55.3 2 0
expense-tracker-api/internal/handler/expense.go:57.2,66.16 2 0
expense-tracker-api/internal/handler/expense.go:66.16,69.3 2 0
expense-tracker-api/internal/handler/expense.go:71.2,71.35 1 0
expense-tracker-api/internal/handler/expense.go:74.49,76.9 2 0
expense-tracker-api/internal/handler/expense.go:76.9,79.3 2 0
expense-tracker-api/internal/handler/expense.go:81.2,82.16 2 0
expense-tracker-api/internal/handler/expense.go:82.16,85.3 2 0
expense-tracker-api/internal/handler/expense.go:87.2,87.36 1 0
expense-tracker-api/internal/handler/expense.go:90.50,95.9 4 0
expense-tracker-api/internal/handler/expense.go:95.9,98.3 2 0
expense-tracker-api/internal/handler/expense.go:100.2,101.16 2 0
expense-tracker-api/internal/handler/expense.go:101.16,104.3 2 0
expense-tracker-api/internal/handler/expense.go:106.2,106.35 1 0
expense-tracker-api/internal/handler/expense.go:117.49,122.9 4 0
expense-tracker-api/internal/handler/expense.go:122.9,125.3 2 0
expense-tracker-api/internal/handler/expense.go:127.2,127.94 1 0
expense-tracker-api/internal/handler/expense.go:127.94,130.3 2 0
expense-tracker-api/internal/handler/expense.go:132.2,133.47 2 0
expense-tracker-api/internal/handler/expense.go:133.47,136.3 2 0
expense-tracker-api/internal/handler/expense.go:138.2,147.16 3 0
expense-tracker-api/internal/handler/expense.go:147.16,150.3 2 0
expense-tracker-api/internal/handler/expense.go:151.2,154.16 3 0
expense-tracker-api/internal/handler/expense.go:154.16,157.3 2 0
expense-tracker-api/internal/handler/expense.go:159.2,159.35 1 0
expense-tracker-api/internal/handler/expense.go:162.49,167.9 4 0
expense-tracker-api/internal/handler/expense.go:167.9,170.3 2 0
expense-tracker-api/internal/handler/expense.go:172.2,172.94 1 0
expense-tracker-api/internal/handler/expense.go:172.94,175.3 2 0
expense-tracker-api/internal/handler/expense.go:177.2,178.16 2 0
expense-tracker-api/internal/handler/expense.go:178.16,181.3 2 0
expense-tracker-api/internal/handler/expense.go:183.2,183.75 1 0
expense-tracker-api/internal/handler/user.go:18.86,20.2 1 0
expense-tracker-api/internal/handler/user.go:28.48,30.47 2 0
expense-tracker-api/internal/handler/user.go:30.47,33.3 2 0
expense-tracker-api/internal/handler/user.go:35.2,36.16 2 0
expense-tracker-api/internal/handler/user.go:36.16,39.3 2 0
expense-tracker-api/internal/handler/user.go:41.2,41.32 1 0
expense-tracker-api/internal/handler/user.go:49.45,51.47 2 0
expense-tracker-api/internal/handler/user.go:51.47,54.3 2 0
expense-tracker-api/internal/handler/user.go:56.2,57.16 2 0
expense-tracker-api/internal/handler/user.go:57.16,60.3 2 0
expense-tracker-api/internal/handler/user.go:62.2,63.16 2 0
expense-tracker-api/internal/handler/user.go:63.16,66.3 2 0
expense-tracker-api/internal/handler/user.go:67.2,68.16 2 0
expense-tracker-api/internal/handler/user.go:68.16,71.3 2 0
expense-tracker-api/internal/handler/user.go:73.2,73.103 1 0
expense-tracker-api/internal/handler/user.go:80.47,82.47 2 0
expense-tracker-api/internal/handler/user.go:82.47,85.3 2 0
expense-tracker-api/internal/handler/user.go:87.2,88.16 2 0
expense-tracker-api/internal/handler/user.go:88.16,91.3 2 0
expense-tracker-api/internal/handler/user.go:93.2,94.16 2 0
expense-tracker-api/internal/handler/user.go:94.16,97.3 2 0
expense-tracker-api/internal/handler/user.go:98.2,98.52 1 0
expense-tracker-api/internal/database/db.go:11.53,13.16 2 0
expense-tracker-api/internal/database/db.go:13.16,15.3 1 0
expense-tracker-api/internal/database/db.go:17.2,18.16 2 0
expense-tracker-api/internal/database/db.go:18.16,20.3 1 0
expense-tracker-api/internal/database/db.go:22.2,34.16 5 0
expense-tracker-api/internal/config/config.go:14.30,22.2 2 0
expense-tracker-api/cmd/server/main.go:20.13,26.16 4 0
expense-tracker-api/cmd/server/main.go:26.16,28.3 1 0
expense-tracker-api/cmd/server/main.go:30.2,50.40 15 0
expense-tracker-api/cmd/server/main.go:50.40,52.3 1 0
expense-tracker-api/cmd/server/main.go:54.2,60.2 6 0
expense-tracker-api/cmd/server/main.go:60.2,66.3 5 0
expense-tracker-api/cmd/server/main.go:68.2,69.16 2 0
expense-tracker-api/cmd/server/main.go:69.16,71.3 1 0
expense-tracker-api/cmd/server/main.go:73.2,74.42 2 0
expense-tracker-api/cmd/server/main.go:74.42,76.3 1 0
expense-tracker-api/internal/middleware/auth.go:17.68,19.2 1 0
expense-tracker-api/internal/middleware/auth.go:21.57,22.30 1 0
expense-tracker-api/internal/middleware/auth.go:22.30,24.26 2 0
expense-tracker-api/internal/middleware/auth.go:24.26,28.4 3 0
expense-tracker-api/internal/middleware/auth.go:30.3,31.35 2 0
expense-tracker-api/internal/middleware/auth.go:31.35,35.4 3 0
expense-tracker-api/internal/middleware/auth.go:37.3,38.17 2 0
expense-tracker-api/internal/middleware/auth.go:38.17,42.4 3 0
expense-tracker-api/internal/middleware/auth.go:44.3,47.11 3 0
expense-tracker-api/internal/response/response.go:5.50,7.2 1 0
expense-tracker-api/internal/response/response.go:9.54,11.2 1 0
expense-tracker-api/internal/jwt/jwt.go:14.50,16.2 1 0
expense-tracker-api/internal/jwt/jwt.go:24.80,34.2 2 0
expense-tracker-api/internal/jwt/jwt.go:36.75,37.104 1 0
expense-tracker-api/internal/jwt/jwt.go:37.104,39.3 1 0
expense-tracker-api/internal/jwt/jwt.go:40.2,40.16 1 0
expense-tracker-api/internal/jwt/jwt.go:40.16,42.3 1 0
expense-tracker-api/internal/jwt/jwt.go:44.2,45.25 2 0
expense-tracker-api/internal/jwt/jwt.go:45.25,47.3 1 0
expense-tracker-api/internal/jwt/jwt.go:49.2,49.20 1 0
expense-tracker-api/internal/jwt/jwt.go:52.87,62.2 3 0
expense-tracker-api/internal/repository/expense.go:14.63,16.2 1 0
expense-tracker-api/internal/repository/expense.go:18.91,20.2 1 0
expense-tracker-api/internal/repository/expense.go:22.96,24.72 2 0
expense-tracker-api/internal/repository/expense.go:24.72,26.3 1 0
expense-tracker-api/internal/repository/expense.go:27.2,27.22 1 0
expense-tracker-api/internal/repository/expense.go:30.87,32.68 2 0
expense-tracker-api/internal/repository/expense.go:32.68,34.3 1 0
expense-tracker-api/internal/repository/expense.go:35.2,35.22 1 0
expense-tracker-api/internal/repository/expense.go:38.106,40.97 2 0
expense-tracker-api/internal/repository/expense.go:40.97,42.3 1 0
expense-tracker-api/internal/repository/expense.go:43.2,43.22 1 0
expense-tracker-api/internal/repository/expense.go:46.126,48.119 2 0
expense-tracker-api/internal/repository/expense.go:48.119,50.3 1 0
expense-tracker-api/internal/repository/expense.go:51.2,51.22 1 0
expense-tracker-api/internal/repository/expense.go:54.111,56.153 2 0
expense-tracker-api/internal/repository/expense.go:56.153,58.3 1 0
expense-tracker-api/internal/repository/expense.go:59.2,59.22 1 0
expense-tracker-api/internal/repository/expense.go:62.91,64.2 1 0
expense-tracker-api/internal/repository/expense.go:66.77,68.2 1 0
expense-tracker-api/internal/repository/user.go:14.57,16.2 1 0
expense-tracker-api/internal/repository/user.go:18.82,20.2 1 0
expense-tracker-api/internal/repository/user.go:22.97,24.91 2 0
expense-tracker-api/internal/repository/user.go:24.91,26.3 1 0
expense-tracker-api/internal/repository/user.go:27.2,27.19 1 0
expense-tracker-api/internal/repository/user.go:30.90,32.69 2 0
expense-tracker-api/internal/repository/user.go:32.69,34.3 1 0
expense-tracker-api/internal/repository/user.go:35.2,35.19 1 0
expense-tracker-api/internal/repository/user.go:38.102,40.89 2 0
expense-tracker-api/internal/repository/user.go:40.89,42.3 1 0
expense-tracker-api/internal/repository/user.go:43.2,43.19 1 0
expense-tracker-api/internal/repository/user.go:46.121,47.50 1 0
expense-tracker-api/internal/repository/user.go:47.50,48.47 1 0
expense-tracker-api/internal/repository/user.go:48.47,50.4 1 0
expense-tracker-api/internal/repository/user.go:52.3,53.50 2 0
expense-tracker-api/internal/repository/user.go:53.50,55.4 1 0
expense-tracker-api/internal/repository/user.go:56.3,56.13 1 0
expense-tracker-api/internal/repository/user.go:60.89,61.50 1 0
expense-tracker-api/internal/repository/user.go:61.50,62.78 1 0
expense-tracker-api/internal/repository/user.go:62.78,64.4 1 0
expense-tracker-api/internal/repository/user.go:66.3,66.60 1 0
expense-tracker-api/internal/repository/user.go:66.60,68.4 1 0
expense-tracker-api/internal/repository/user.go:69.3,69.13 1 0
expense-tracker-api/internal/service/expense.go:15.75,17.2 1 1
expense-tracker-api/internal/service/expense.go:19.165,20.17 1 1
expense-tracker-api/internal/service/expense.go:20.17,22.3 1 1
expense-tracker-api/internal/service/expense.go:23.2,23.17 1 1
expense-tracker-api/internal/service/expense.go:23.17,25.3 1 1
expense-tracker-api/internal/service/expense.go:27.2,28.16 2 1
expense-tracker-api/internal/service/expense.go:28.16,30.3 1 1
expense-tracker-api/internal/service/expense.go:32.2,41.52 2 1
expense-tracker-api/internal/service/expense.go:41.52,43.3 1 0
expense-tracker-api/internal/service/expense.go:44.2,44.21 1 1
expense-tracker-api/internal/service/expense.go:47.99,49.2 1 0
expense-tracker-api/internal/service/expense.go:51.112,53.2 1 0
expense-tracker-api/internal/service/expense.go:55.84,57.2 1 0
expense-tracker-api/internal/service/expense.go:59.70,61.2 1 0
expense-tracker-api/internal/service/user.go:16.66,18.2 1 1
expense-tracker-api/internal/service/user.go:20.104,22.21 2 1
expense-tracker-api/internal/service/user.go:22.21,24.3 1 1
expense-tracker-api/internal/service/user.go:26.2,27.16 2 1
expense-tracker-api/internal/service/user.go:27.16,29.3 1 0
expense-tracker-api/internal/service/user.go:31.2,37.49 2 1
expense-tracker-api/internal/service/user.go:37.49,39.3 1 0
expense-tracker-api/internal/service/user.go:41.2,41.18 1 1
expense-tracker-api/internal/service/user.go:44.95,46.16 2 1
expense-tracker-api/internal/service/user.go:46.16,48.3 1 1
expense-tracker-api/internal/service/user.go:50.2,50.95 1 1
expense-tracker-api/internal/service/user.go:50.95,52.3 1 1
expense-tracker-api/internal/service/user.go:54.2,54.18 1 1
expense-tracker-api/internal/service/user.go:57.83,59.2 1 0
